<?xml version="1.0" encoding="UTF-8" ?>
<testsuite tests="2" failures="1" name="com.lisi.cms.service.impl.UserServiceImplTest" time="0.734" errors="0" skipped="0">
  <properties>
[...]
</properties>
  <testcase classname="com.lisi.cms.service.impl.UserServiceImplTest" name="testUpdateByPrimaryKeySelective" time="0.672"/>
  <testcase classname="com.lisi.cms.service.impl.UserServiceImplTest" name="testSelectListByName" time="0.062">
    <failure message="expected:&lt;admin[1]&gt; but was:&lt;admin[]&gt;" type="org.junit.ComparisonFailure">org.junit.ComparisonFailure: expected:&lt;admin[1]&gt; but was:&lt;admin[]&gt;
	at org.junit.Assert.assertEquals(Assert.java:115)
	at org.junit.Assert.assertEquals(Assert.java:144)
	at com.lisi.cms.service.impl.UserServiceImplTest.testSelectListByName(UserServiceImplTest.java:25)
	at sun.reflect.NativeMethodAccessorImpl.invoke0(Native Method)
	at sun.reflect.NativeMethodAccessorImpl.invoke(NativeMethodAccessorImpl.java:62)
	at sun.reflect.DelegatingMethodAccessorImpl.invoke(DelegatingMethodAccessorImpl.java:43)
	at java.lang.reflect.Method.invoke(Method.java:498)
	at org.junit.runners.model.FrameworkMethod$1.runReflectiveCall(FrameworkMethod.java:50)
	at org.junit.internal.runners.model.ReflectiveCallable.run(ReflectiveCallable.java:12)
	at org.junit.runners.model.FrameworkMethod.invokeExplosively(FrameworkMethod.java:47)
	at org.junit.internal.runners.statements.InvokeMethod.evaluate(InvokeMethod.java:17)
	at org.springframework.test.context.junit4.statements.RunBeforeTestMethodCallbacks.evaluate(RunBeforeTestMethodCallbacks.java:75)
	at org.springframework.test.context.junit4.statements.RunAfterTestMethodCallbacks.evaluate(RunAfterTestMethodCallbacks.java:86)
	at org.springframework.test.context.junit4.statements.SpringRepeat.evaluate(SpringRepeat.java:84)
	at org.junit.runners.ParentRunner.runLeaf(ParentRunner.java:325)
	at org.springframework.test.context.junit4.SpringJUnit4ClassRunner.runChild(SpringJUnit4ClassRunner.java:252)
	at org.springframework.test.context.junit4.SpringJUnit4ClassRunner.runChild(SpringJUnit4ClassRunner.java:94)
	at org.junit.runners.ParentRunner$3.run(ParentRunner.java:290)
	at org.junit.runners.ParentRunner$1.schedule(ParentRunner.java:71)
	at org.junit.runners.ParentRunner.runChildren(ParentRunner.java:288)
	at org.junit.runners.ParentRunner.access$000(ParentRunner.java:58)
	at org.junit.runners.ParentRunner$2.evaluate(ParentRunner.java:268)
	at org.springframework.test.context.junit4.statements.RunBeforeTestClassCallbacks.evaluate(RunBeforeTestClassCallbacks.java:61)
	at org.springframework.test.context.junit4.statements.RunAfterTestClassCallbacks.evaluate(RunAfterTestClassCallbacks.java:70)
	at org.junit.runners.ParentRunner.run(ParentRunner.java:363)
	at org.springframework.test.context.junit4.SpringJUnit4ClassRunner.run(SpringJUnit4ClassRunner.java:191)
	at org.apache.maven.surefire.junit4.JUnit4Provider.execute(JUnit4Provider.java:252)
	at org.apache.maven.surefire.junit4.JUnit4Provider.executeTestSet(JUnit4Provider.java:141)
	at org.apache.maven.surefire.junit4.JUnit4Provider.invoke(JUnit4Provider.java:112)
	at sun.reflect.NativeMethodAccessorImpl.invoke0(Native Method)
	at sun.reflect.NativeMethodAccessorImpl.invoke(NativeMethodAccessorImpl.java:62)
	at sun.reflect.DelegatingMethodAccessorImpl.invoke(DelegatingMethodAccessorImpl.java:43)
	at java.lang.reflect.Method.invoke(Method.java:498)
	at org.apache.maven.surefire.util.ReflectionUtils.invokeMethodWithArray(ReflectionUtils.java:189)
	at org.apache.maven.surefire.booter.ProviderFactory$ProviderProxy.invoke(ProviderFactory.java:165)
	at org.apache.maven.surefire.booter.ProviderFactory.invokeProvider(ProviderFactory.java:85)
	at org.apache.maven.surefire.booter.ForkedBooter.runSuitesInProcess(ForkedBooter.java:115)
	at org.apache.maven.surefire.booter.ForkedBooter.main(ForkedBooter.java:75)
</failure>
    <system-out>Retrieved @ProfileValueSourceConfiguration [null] for test class [com.lisi.cms.service.impl.UserServiceImplTest]
Retrieved ProfileValueSource type [class org.springframework.test.annotation.SystemProfileValueSource] for class [com.lisi.cms.service.impl.UserServiceImplTest]
Performing dependency injection for test context [[DefaultTestContext@617faa95 testClass = UserServiceImplTest, testInstance = com.lisi.cms.service.impl.UserServiceImplTest@232a7d73, testMethod = [null], testException = [null], mergedContextConfiguration = [MergedContextConfiguration@1e127982 testClass = UserServiceImplTest, locations = &apos;{classpath:spring-beans.xml}&apos;, classes = &apos;{}&apos;, contextInitializerClasses = &apos;[]&apos;, activeProfiles = &apos;{}&apos;, propertySourceLocations = &apos;{}&apos;, propertySourceProperties = &apos;{}&apos;, contextCustomizers = set[[empty]], contextLoader = &apos;org.springframework.test.context.support.DelegatingSmartContextLoader&apos;, parent = [null]]]].
Retrieved ApplicationContext from cache with key [[MergedContextConfiguration@1e127982 testClass = UserServiceImplTest, locations = &apos;{classpath:spring-beans.xml}&apos;, classes = &apos;{}&apos;, contextInitializerClasses = &apos;[]&apos;, activeProfiles = &apos;{}&apos;, propertySourceLocations = &apos;{}&apos;, propertySourceProperties = &apos;{}&apos;, contextCustomizers = set[[empty]], contextLoader = &apos;org.springframework.test.context.support.DelegatingSmartContextLoader&apos;, parent = [null]]]
Spring test ApplicationContext cache statistics: [DefaultContextCache@48793bef size = 1, maxSize = 32, parentContextCount = 0, hitCount = 1, missCount = 1]
Processing injected element of bean &apos;com.lisi.cms.service.impl.UserServiceImplTest&apos;: ResourceElement for private com.lisi.cms.service.UserService com.lisi.cms.service.impl.UserServiceImplTest.userService
Returning cached instance of singleton bean &apos;userServiceImpl&apos;
Returning cached instance of singleton bean &apos;org.springframework.aop.support.DefaultBeanFactoryPointcutAdvisor#0&apos;
Returning cached instance of singleton bean &apos;org.springframework.aop.support.DefaultBeanFactoryPointcutAdvisor#0&apos;
Creating implicit proxy for bean &apos;com.lisi.cms.service.impl.UserServiceImplTest&apos; with 0 common interceptors and 2 specific interceptors
Creating CGLIB proxy: target source is SingletonTargetSource for target object [com.lisi.cms.service.impl.UserServiceImplTest@232a7d73]
Before test method: context [DefaultTestContext@617faa95 testClass = UserServiceImplTest, testInstance = com.lisi.cms.service.impl.UserServiceImplTest@232a7d73, testMethod = testSelectListByName@UserServiceImplTest, testException = [null], mergedContextConfiguration = [MergedContextConfiguration@1e127982 testClass = UserServiceImplTest, locations = &apos;{classpath:spring-beans.xml}&apos;, classes = &apos;{}&apos;, contextInitializerClasses = &apos;[]&apos;, activeProfiles = &apos;{}&apos;, propertySourceLocations = &apos;{}&apos;, propertySourceProperties = &apos;{}&apos;, contextCustomizers = set[[empty]], contextLoader = &apos;org.springframework.test.context.support.DelegatingSmartContextLoader&apos;, parent = [null]]], class annotated with @DirtiesContext [false] with mode [null], method annotated with @DirtiesContext [false] with mode [null].
Creating new transaction with name [com.lisi.cms.service.impl.UserServiceImpl.selectListByName]: PROPAGATION_REQUIRED,ISOLATION_DEFAULT,readOnly
Acquired Connection [com.mysql.jdbc.JDBC4Connection@2f40e5db] for JDBC transaction
Setting JDBC Connection [com.mysql.jdbc.JDBC4Connection@2f40e5db] read-only
Switching JDBC Connection [com.mysql.jdbc.JDBC4Connection@2f40e5db] to manual commit
Creating a new SqlSession
Registering transaction synchronization for SqlSession [org.apache.ibatis.session.defaults.DefaultSqlSession@66746f57]
JDBC Connection [com.mysql.jdbc.JDBC4Connection@2f40e5db] will be managed by Spring
==&gt;  Preparing: select * from cms_user WHERE username like &quot;%&quot;?&quot;%&quot; 
==&gt; Parameters: admin(String)
&lt;==      Total: 1
Releasing transactional SqlSession [org.apache.ibatis.session.defaults.DefaultSqlSession@66746f57]
Transaction synchronization committing SqlSession [org.apache.ibatis.session.defaults.DefaultSqlSession@66746f57]
Transaction synchronization deregistering SqlSession [org.apache.ibatis.session.defaults.DefaultSqlSession@66746f57]
Transaction synchronization closing SqlSession [org.apache.ibatis.session.defaults.DefaultSqlSession@66746f57]
Initiating transaction commit
Committing JDBC transaction on Connection [com.mysql.jdbc.JDBC4Connection@2f40e5db]
Resetting read-only flag of JDBC Connection [com.mysql.jdbc.JDBC4Connection@2f40e5db]
Releasing JDBC Connection [com.mysql.jdbc.JDBC4Connection@2f40e5db] after transaction
Returning JDBC Connection to DataSource
--------------&gt;admin
After test method: context [DefaultTestContext@617faa95 testClass = UserServiceImplTest, testInstance = com.lisi.cms.service.impl.UserServiceImplTest@232a7d73, testMethod = testSelectListByName@UserServiceImplTest, testException = org.junit.ComparisonFailure: expected:&lt;admin[1]&gt; but was:&lt;admin[]&gt;, mergedContextConfiguration = [MergedContextConfiguration@1e127982 testClass = UserServiceImplTest, locations = &apos;{classpath:spring-beans.xml}&apos;, classes = &apos;{}&apos;, contextInitializerClasses = &apos;[]&apos;, activeProfiles = &apos;{}&apos;, propertySourceLocations = &apos;{}&apos;, propertySourceProperties = &apos;{}&apos;, contextCustomizers = set[[empty]], contextLoader = &apos;org.springframework.test.context.support.DelegatingSmartContextLoader&apos;, parent = [null]]], class annotated with @DirtiesContext [false] with mode [null], method annotated with @DirtiesContext [false] with mode [null].
</system-out>
  </testcase>
</testsuite>